
Showing logs for build [32mcb-kubecd-environment-pr-176-9-gs224-1[0m stage [32mfrom-build-pack[0m and container [32mstep-credential-initializer-mwv48[0m
{"level":"warn","ts":1583527725.5541723,"logger":"fallback-logger","caller":"logging/config.go:69","msg":"Fetch GitHub commit ID from kodata failed: \"ref: refs/heads/0.8.0-**-support-backwards-incompats\" is not a valid GitHub commit ID"}
{"level":"info","ts":1583527725.5605896,"logger":"fallback-logger","caller":"creds-init/main.go:40","msg":"Credentials initialized."}

Showing logs for build [32mcb-kubecd-environment-pr-176-9-gs224-1[0m stage [32mfrom-build-pack[0m and container [32mstep-working-dir-initializer-btbpx[0m
{"level":"warn","ts":1583527726.5295992,"logger":"fallback-logger","caller":"logging/config.go:69","msg":"Fetch GitHub commit ID from kodata failed: open /var/run/ko/HEAD: no such file or directory"}
{"level":"info","ts":1583527726.5312192,"logger":"fallback-logger","caller":"bash/main.go:64","msg":"Successfully executed command \"sh -c mkdir -p /workspace/source\"; output "}

Showing logs for build [32mcb-kubecd-environment-pr-176-9-gs224-1[0m stage [32mfrom-build-pack[0m and container [32mstep-place-tools[0m

Showing logs for build [32mcb-kubecd-environment-pr-176-9-gs224-1[0m stage [32mfrom-build-pack[0m and container [32mstep-git-source-cb-kubecd-environment-pr-176-9-gs224-6ns9w[0m
{"level":"warn","ts":1583527732.7646823,"logger":"fallback-logger","caller":"logging/config.go:69","msg":"Fetch GitHub commit ID from kodata failed: \"ref: refs/heads/0.8.0-**-support-backwards-incompats\" is not a valid GitHub commit ID"}
{"level":"info","ts":1583527733.8519592,"logger":"fallback-logger","caller":"git/git.go:103","msg":"Successfully cloned https://github.com/cb-kubecd/environment-pr-176-9-boot-gke-staging.git @ master in path /workspace/source"}

Showing logs for build [32mcb-kubecd-environment-pr-176-9-gs224-1[0m stage [32mfrom-build-pack[0m and container [32mstep-git-merge[0m
Using SHAs from PULL_REFS=master:6337bdd06adf76d5fa01d76a0d0665582e7c6430,2:ff08c3a16071e6e94ecf21a39bb349b885d87c88
DEBUG: LC_ALL=C JX_LOG_LEVEL=error git fetch origin --unshallow ff08c3a16071e6e94ecf21a39bb349b885d87c88: 6337bdd06adf76d5fa01d76a0d0665582e7c6430:
DEBUG: ran git fetch --unshallow origin ff08c3a16071e6e94ecf21a39bb349b885d87c88: 6337bdd06adf76d5fa01d76a0d0665582e7c6430: in 
DEBUG: LC_ALL=C JX_LOG_LEVEL=error git branch
DEBUG: LC_ALL=C JX_LOG_LEVEL=error git checkout master
DEBUG: ran git checkout master in 
DEBUG: LC_ALL=C JX_LOG_LEVEL=error git reset --hard 6337bdd06adf76d5fa01d76a0d0665582e7c6430
DEBUG: ran git reset --hard 6337bdd06adf76d5fa01d76a0d0665582e7c6430 in 
DEBUG: LC_ALL=C JX_LOG_LEVEL=error git clean -fd .
DEBUG: ran clean --force -d . in 
DEBUG: JX_LOG_LEVEL=error LC_ALL=C git merge ff08c3a16071e6e94ecf21a39bb349b885d87c88
DEBUG: ran git merge ff08c3a16071e6e94ecf21a39bb349b885d87c88 in 
DEBUG: JX_LOG_LEVEL=error LC_ALL=C git log --format=%H%x1f%an%x1f%ae%x1f%cn%x1f%ce%x1f%s%n%b%x1e 6337bdd06adf76d5fa01d76a0d0665582e7c6430..HEAD
Merged SHA ff08c3a16071e6e94ecf21a39bb349b885d87c88 with commit message 'chore: Promote bdd-sbhg-1583527396 to version 0.0.1' into base branch master

Showing logs for build [32mcb-kubecd-environment-pr-176-9-gs224-1[0m stage [32mfrom-build-pack[0m and container [32mstep-build-helm-build[0m
WARNING: No $CHART_REPOSITORY defined so using the default value of: http://jenkins-x-chartmuseum:8080
Adding missing Helm repo: storage.googleapis.com https://storage.googleapis.com/chartmuseum.jenkins-x.io
WARNING: No secrets found on "helm/repos" due: reading the secret "helm/repos" from vault: no secret "helm/repos" not found in vault
Read credentials for https://storage.googleapis.com/chartmuseum.jenkins-x.io from vault helm/repos
Successfully added Helm repository storage.googleapis.com.
Adding missing Helm repo: jenkins-x-chartmuseum http://jenkins-x-chartmuseum:8080
WARNING: No secrets found on "helm/repos" due: reading the secret "helm/repos" from vault: no secret "helm/repos" not found in vault
Read credentials for http://jenkins-x-chartmuseum:8080 from vault helm/repos
Successfully added Helm repository jenkins-x-chartmuseum.
WARNING: No $CHART_REPOSITORY defined so using the default value of: http://jenkins-x-chartmuseum:8080
Adding missing Helm repo: chartmuseum.jenkins-x.io http://chartmuseum.jenkins-x.io
WARNING: No secrets found on "helm/repos" due: reading the secret "helm/repos" from vault: no secret "helm/repos" not found in vault
Read credentials for http://chartmuseum.jenkins-x.io from vault helm/repos
Successfully added Helm repository chartmuseum.jenkins-x.io.
