
Showing logs for build [32mcb-kubecd-environment-pr-176-9-gpws9-1[0m stage [32mfrom-build-pack[0m and container [32mstep-credential-initializer-b5vxj[0m
{"level":"warn","ts":1583526624.3488693,"logger":"fallback-logger","caller":"logging/config.go:69","msg":"Fetch GitHub commit ID from kodata failed: \"ref: refs/heads/0.8.0-**-support-backwards-incompats\" is not a valid GitHub commit ID"}
{"level":"info","ts":1583526624.3500488,"logger":"fallback-logger","caller":"creds-init/main.go:40","msg":"Credentials initialized."}

Showing logs for build [32mcb-kubecd-environment-pr-176-9-gpws9-1[0m stage [32mfrom-build-pack[0m and container [32mstep-working-dir-initializer-vb7qd[0m
{"level":"warn","ts":1583526626.2662654,"logger":"fallback-logger","caller":"logging/config.go:69","msg":"Fetch GitHub commit ID from kodata failed: open /var/run/ko/HEAD: no such file or directory"}
{"level":"info","ts":1583526626.2693477,"logger":"fallback-logger","caller":"bash/main.go:64","msg":"Successfully executed command \"sh -c mkdir -p /workspace/source\"; output "}

Showing logs for build [32mcb-kubecd-environment-pr-176-9-gpws9-1[0m stage [32mfrom-build-pack[0m and container [32mstep-place-tools[0m

Showing logs for build [32mcb-kubecd-environment-pr-176-9-gpws9-1[0m stage [32mfrom-build-pack[0m and container [32mstep-git-source-cb-kubecd-environment-pr-176-9-gpws9-5jn99[0m
{"level":"warn","ts":1583526632.2637982,"logger":"fallback-logger","caller":"logging/config.go:69","msg":"Fetch GitHub commit ID from kodata failed: \"ref: refs/heads/0.8.0-**-support-backwards-incompats\" is not a valid GitHub commit ID"}
{"level":"info","ts":1583526633.7753782,"logger":"fallback-logger","caller":"git/git.go:103","msg":"Successfully cloned https://github.com/cb-kubecd/environment-pr-176-9-boot-gke-staging.git @ master in path /workspace/source"}

Showing logs for build [32mcb-kubecd-environment-pr-176-9-gpws9-1[0m stage [32mfrom-build-pack[0m and container [32mstep-git-merge[0m
Using SHAs from PULL_REFS=master:b3905d4311b6db6b0d436da7640e8adec5b52fbd,1:f18b2948e7056d75b08521948fd77db8c237c3b5
DEBUG: LC_ALL=C JX_LOG_LEVEL=error git fetch origin --unshallow f18b2948e7056d75b08521948fd77db8c237c3b5: b3905d4311b6db6b0d436da7640e8adec5b52fbd:
DEBUG: ran git fetch --unshallow origin f18b2948e7056d75b08521948fd77db8c237c3b5: b3905d4311b6db6b0d436da7640e8adec5b52fbd: in 
DEBUG: LC_ALL=C JX_LOG_LEVEL=error git branch
DEBUG: JX_LOG_LEVEL=error LC_ALL=C git checkout master
DEBUG: ran git checkout master in 
DEBUG: JX_LOG_LEVEL=error LC_ALL=C git reset --hard b3905d4311b6db6b0d436da7640e8adec5b52fbd
DEBUG: ran git reset --hard b3905d4311b6db6b0d436da7640e8adec5b52fbd in 
DEBUG: JX_LOG_LEVEL=error LC_ALL=C git clean -fd .
DEBUG: ran clean --force -d . in 
DEBUG: LC_ALL=C JX_LOG_LEVEL=error git merge f18b2948e7056d75b08521948fd77db8c237c3b5
DEBUG: ran git merge f18b2948e7056d75b08521948fd77db8c237c3b5 in 
DEBUG: LC_ALL=C JX_LOG_LEVEL=error git log --format=%H%x1f%an%x1f%ae%x1f%cn%x1f%ce%x1f%s%n%b%x1e b3905d4311b6db6b0d436da7640e8adec5b52fbd..HEAD
Merged SHA f18b2948e7056d75b08521948fd77db8c237c3b5 with commit message 'chore: Promote bdd-spring-1583526237 to version 0.0.1' into base branch master

Showing logs for build [32mcb-kubecd-environment-pr-176-9-gpws9-1[0m stage [32mfrom-build-pack[0m and container [32mstep-build-helm-build[0m
WARNING: No $CHART_REPOSITORY defined so using the default value of: http://jenkins-x-chartmuseum:8080
Adding missing Helm repo: storage.googleapis.com https://storage.googleapis.com/chartmuseum.jenkins-x.io
WARNING: No secrets found on "helm/repos" due: reading the secret "helm/repos" from vault: no secret "helm/repos" not found in vault
Read credentials for https://storage.googleapis.com/chartmuseum.jenkins-x.io from vault helm/repos
Successfully added Helm repository storage.googleapis.com.
Adding missing Helm repo: jenkins-x-chartmuseum http://jenkins-x-chartmuseum:8080
WARNING: No secrets found on "helm/repos" due: reading the secret "helm/repos" from vault: no secret "helm/repos" not found in vault
Read credentials for http://jenkins-x-chartmuseum:8080 from vault helm/repos
Successfully added Helm repository jenkins-x-chartmuseum.
WARNING: No $CHART_REPOSITORY defined so using the default value of: http://jenkins-x-chartmuseum:8080
Adding missing Helm repo: chartmuseum.jenkins-x.io http://chartmuseum.jenkins-x.io
WARNING: No secrets found on "helm/repos" due: reading the secret "helm/repos" from vault: no secret "helm/repos" not found in vault
Read credentials for http://chartmuseum.jenkins-x.io from vault helm/repos
Successfully added Helm repository chartmuseum.jenkins-x.io.
