
Showing logs for build [32mcb-kubecd-environment-pr-176-9-w4ng7-1[0m stage [32mfrom-build-pack[0m and container [32mstep-credential-initializer-cmbtq[0m
{"level":"warn","ts":1583530933.1023161,"logger":"fallback-logger","caller":"logging/config.go:69","msg":"Fetch GitHub commit ID from kodata failed: \"ref: refs/heads/0.8.0-**-support-backwards-incompats\" is not a valid GitHub commit ID"}
{"level":"info","ts":1583530933.1039228,"logger":"fallback-logger","caller":"creds-init/main.go:40","msg":"Credentials initialized."}

Showing logs for build [32mcb-kubecd-environment-pr-176-9-w4ng7-1[0m stage [32mfrom-build-pack[0m and container [32mstep-working-dir-initializer-cs8z7[0m
{"level":"warn","ts":1583530934.4532971,"logger":"fallback-logger","caller":"logging/config.go:69","msg":"Fetch GitHub commit ID from kodata failed: open /var/run/ko/HEAD: no such file or directory"}
{"level":"info","ts":1583530934.4550269,"logger":"fallback-logger","caller":"bash/main.go:64","msg":"Successfully executed command \"sh -c mkdir -p /workspace/source\"; output "}

Showing logs for build [32mcb-kubecd-environment-pr-176-9-w4ng7-1[0m stage [32mfrom-build-pack[0m and container [32mstep-place-tools[0m

Showing logs for build [32mcb-kubecd-environment-pr-176-9-w4ng7-1[0m stage [32mfrom-build-pack[0m and container [32mstep-git-source-cb-kubecd-environment-pr-176-9-w4ng7-7wlg5[0m
{"level":"warn","ts":1583530939.6755202,"logger":"fallback-logger","caller":"logging/config.go:69","msg":"Fetch GitHub commit ID from kodata failed: \"ref: refs/heads/0.8.0-**-support-backwards-incompats\" is not a valid GitHub commit ID"}
{"level":"info","ts":1583530941.0283546,"logger":"fallback-logger","caller":"git/git.go:103","msg":"Successfully cloned https://github.com/cb-kubecd/environment-pr-176-9-boot-gke-staging.git @ master in path /workspace/source"}

Showing logs for build [32mcb-kubecd-environment-pr-176-9-w4ng7-1[0m stage [32mfrom-build-pack[0m and container [32mstep-git-merge[0m
Using SHAs from PULL_REFS=master:82f71dd2653bc0c4f2d8a55f56f30f656b0f1918,7:ae63b32e401b3d1c99c3e888fe249eb1fa9fb01c
DEBUG: LC_ALL=C JX_LOG_LEVEL=error git fetch origin --unshallow ae63b32e401b3d1c99c3e888fe249eb1fa9fb01c: 82f71dd2653bc0c4f2d8a55f56f30f656b0f1918:
DEBUG: ran git fetch --unshallow origin ae63b32e401b3d1c99c3e888fe249eb1fa9fb01c: 82f71dd2653bc0c4f2d8a55f56f30f656b0f1918: in 
DEBUG: LC_ALL=C JX_LOG_LEVEL=error git branch
DEBUG: LC_ALL=C JX_LOG_LEVEL=error git checkout master
DEBUG: ran git checkout master in 
DEBUG: LC_ALL=C JX_LOG_LEVEL=error git reset --hard 82f71dd2653bc0c4f2d8a55f56f30f656b0f1918
DEBUG: ran git reset --hard 82f71dd2653bc0c4f2d8a55f56f30f656b0f1918 in 
DEBUG: LC_ALL=C JX_LOG_LEVEL=error git clean -fd .
DEBUG: ran clean --force -d . in 
DEBUG: LC_ALL=C JX_LOG_LEVEL=error git merge ae63b32e401b3d1c99c3e888fe249eb1fa9fb01c
DEBUG: ran git merge ae63b32e401b3d1c99c3e888fe249eb1fa9fb01c in 
DEBUG: LC_ALL=C JX_LOG_LEVEL=error git log --format=%H%x1f%an%x1f%ae%x1f%cn%x1f%ce%x1f%s%n%b%x1e 82f71dd2653bc0c4f2d8a55f56f30f656b0f1918..HEAD
Merged SHA ae63b32e401b3d1c99c3e888fe249eb1fa9fb01c with commit message 'chore: Promote bdd-nh-import-1583529608 to version 0.0.1' into base branch master

Showing logs for build [32mcb-kubecd-environment-pr-176-9-w4ng7-1[0m stage [32mfrom-build-pack[0m and container [32mstep-build-helm-build[0m
WARNING: No $CHART_REPOSITORY defined so using the default value of: http://jenkins-x-chartmuseum:8080
Adding missing Helm repo: storage.googleapis.com https://storage.googleapis.com/chartmuseum.jenkins-x.io
WARNING: No secrets found on "helm/repos" due: reading the secret "helm/repos" from vault: no secret "helm/repos" not found in vault
Read credentials for https://storage.googleapis.com/chartmuseum.jenkins-x.io from vault helm/repos
Successfully added Helm repository storage.googleapis.com.
Adding missing Helm repo: jenkins-x-chartmuseum http://jenkins-x-chartmuseum:8080
WARNING: No secrets found on "helm/repos" due: reading the secret "helm/repos" from vault: no secret "helm/repos" not found in vault
Read credentials for http://jenkins-x-chartmuseum:8080 from vault helm/repos
Successfully added Helm repository jenkins-x-chartmuseum.
WARNING: No $CHART_REPOSITORY defined so using the default value of: http://jenkins-x-chartmuseum:8080
Adding missing Helm repo: chartmuseum.jenkins-x.io http://chartmuseum.jenkins-x.io
WARNING: No secrets found on "helm/repos" due: reading the secret "helm/repos" from vault: no secret "helm/repos" not found in vault
Read credentials for http://chartmuseum.jenkins-x.io from vault helm/repos
Successfully added Helm repository chartmuseum.jenkins-x.io.
